<?xml version="1.0" encoding="utf-8"?><testsuites name="pytest tests"><testsuite name="pytest" errors="0" failures="0" skipped="0" tests="18" time="1.530" timestamp="2026-01-26T19:42:38.977931+00:00" hostname="agent-env-c0d3646f-a5e0-4bb3-b9a6-603b5d784253"><testcase classname="backend.tests.test_api.TestHealthAndAuth" name="test_api_root" time="0.060" /><testcase classname="backend.tests.test_api.TestHealthAndAuth" name="test_auth_me" time="0.043" /><testcase classname="backend.tests.test_api.TestHealthAndAuth" name="test_auth_me_without_token" time="0.035" /><testcase classname="backend.tests.test_api.TestFamilyAPI" name="test_get_family_members" time="0.076" /><testcase classname="backend.tests.test_api.TestFamilyAPI" name="test_create_family_member" time="0.133" /><testcase classname="backend.tests.test_api.TestFamilyAPI" name="test_update_family_member" time="0.154" /><testcase classname="backend.tests.test_api.TestFamilyAPI" name="test_delete_family_member" time="0.105" /><testcase classname="backend.tests.test_api.TestMemoriesAPI" name="test_get_memories" time="0.049" /><testcase classname="backend.tests.test_api.TestMemoriesAPI" name="test_create_memory" time="0.091" /><testcase classname="backend.tests.test_api.TestMemoriesAPI" name="test_delete_memory" time="0.061" /><testcase classname="backend.tests.test_api.TestDailyNotesAPI" name="test_get_daily_notes" time="0.040" /><testcase classname="backend.tests.test_api.TestDailyNotesAPI" name="test_create_daily_note" time="0.035" /><testcase classname="backend.tests.test_api.TestDailyNotesAPI" name="test_get_daily_note_by_date" time="0.046" /><testcase classname="backend.tests.test_api.TestDailyNotesAPI" name="test_append_to_existing_note" time="0.090" /><testcase classname="backend.tests.test_api.TestRemindersAPI" name="test_get_reminders" time="0.036" /><testcase classname="backend.tests.test_api.TestRemindersAPI" name="test_create_reminder" time="0.090" /><testcase classname="backend.tests.test_api.TestRemindersAPI" name="test_toggle_reminder" time="0.112" /><testcase classname="backend.tests.test_api.TestRemindersAPI" name="test_delete_reminder" time="0.090" /></testsuite></testsuites>